2021-06-25 06:06:50,375 p=1462235 u=root n=ansible | [WARNING]: Unable to parse /root/yaml/inventory as an inventory source

2021-06-25 06:06:50,375 p=1462235 u=root n=ansible | [WARNING]: No inventory was parsed, only implicit localhost is available

2021-06-25 06:06:50,377 p=1462235 u=root n=ansible | [WARNING]: provided hosts list is empty, only localhost is available. Note that the implicit localhost does not match 'all'

2021-06-25 06:06:50,377 p=1462235 u=root n=ansible | [WARNING]: Could not match supplied host pattern, ignoring: node-1

2021-06-25 06:24:55,621 p=1466914 u=root n=ansible | [WARNING]: Unable to parse /root/yaml/inventory as an inventory source

2021-06-25 06:24:55,622 p=1466914 u=root n=ansible | [WARNING]: No inventory was parsed, only implicit localhost is available

2021-06-25 06:24:55,623 p=1466914 u=root n=ansible | [WARNING]: provided hosts list is empty, only localhost is available. Note that the implicit localhost does not match 'all'

2021-06-25 06:24:56,205 p=1466914 u=root n=ansible | ERROR! 'host' is not a valid attribute for a Play

The error appears to be in '/root/yaml/file-del.yml': line 2, column 3, but may
be elsewhere in the file depending on the exact syntax problem.

The offending line appears to be:

---
- name: file-del
  ^ here

2021-06-25 06:25:21,011 p=1467164 u=root n=ansible | [WARNING]: Unable to parse /root/yaml/inventory as an inventory source

2021-06-25 06:25:21,011 p=1467164 u=root n=ansible | [WARNING]: No inventory was parsed, only implicit localhost is available

2021-06-25 06:25:21,012 p=1467164 u=root n=ansible | [WARNING]: provided hosts list is empty, only localhost is available. Note that the implicit localhost does not match 'all'

2021-06-25 06:25:21,535 p=1467164 u=root n=ansible | ERROR! 'shell' is not a valid attribute for a Play

The error appears to be in '/root/yaml/file-del.yml': line 2, column 3, but may
be elsewhere in the file depending on the exact syntax problem.

The offending line appears to be:

---
- name: file-del
  ^ here

2021-06-25 06:26:22,323 p=1467438 u=root n=ansible | [WARNING]: Unable to parse /root/yaml/inventory as an inventory source

2021-06-25 06:26:22,323 p=1467438 u=root n=ansible | [WARNING]: No inventory was parsed, only implicit localhost is available

2021-06-25 06:26:22,324 p=1467438 u=root n=ansible | [WARNING]: provided hosts list is empty, only localhost is available. Note that the implicit localhost does not match 'all'

2021-06-25 06:26:23,004 p=1467438 u=root n=ansible | [WARNING]: Could not match supplied host pattern, ignoring: node-1

2021-06-25 06:26:23,006 p=1467438 u=root n=ansible | PLAY [file-del] ************************************************************************************************************************************************************************
2021-06-25 06:26:23,006 p=1467438 u=root n=ansible | skipping: no hosts matched
2021-06-25 06:26:23,006 p=1467438 u=root n=ansible | PLAY RECAP *****************************************************************************************************************************************************************************
